2023-12-19 18:34:05: Server Log initialisation/update
2023-12-19 18:34:05: Server Log initialisation/update
2023-12-19 18:37:07: Server Log initialisation/update
2023-12-19 18:37:15: Server Log initialisation/update
2023-12-19 18:37:15: Server Log initialisation/update
2023-12-19 18:39:20: Server Log initialisation/update
2023-12-19 18:39:20: Server Log initialisation/update
2023-12-19 18:41:33: Server Log initialisation/update
2023-12-19 18:41:33: Server Log initialisation/update
2023-12-19 18:43:24: Server Log initialisation/update
2023-12-19 18:43:25: Server Log initialisation/update
2023-12-20 20:47:07: Server Log initialisation/update
2023-12-20 20:47:07: Server Log initialisation/update
2023-12-30 19:22:34: Server Log initialisation/update
2023-12-30 19:22:34: Server Log initialisation/update
2023-12-30 19:23:43: Server Log initialisation/update
2023-12-30 19:23:59: Server Log initialisation/update
2023-12-30 19:24:00: Server Log initialisation/update
2023-12-30 19:24:40: Server Log initialisation/update
2023-12-30 19:25:24: Server Log initialisation/update
2023-12-30 19:25:24: Server Log initialisation/update
2023-12-30 19:26:46: Server Log initialisation/update
2023-12-30 19:26:46: Server Log initialisation/update
2023-12-30 19:27:25: Server Log initialisation/update
2023-12-30 19:28:00: Server Log initialisation/update
2023-12-30 21:13:12: Server Log initialisation/update
2023-12-30 21:13:12: Server Log initialisation/update
2023-12-30 21:13:35: Server Log initialisation/update
2023-12-30 21:13:39: Server Log initialisation/update
2023-12-30 21:13:50: Server Log initialisation/update
2023-12-30 21:14:27: Server Log initialisation/update
2023-12-30 21:55:28: Server Log initialisation/update
2023-12-30 21:55:28: Server Log initialisation/update
2023-12-30 21:56:04: Server Log initialisation/update
2023-12-30 21:56:14: Server Log initialisation/update
2023-12-30 21:56:14: Server Log initialisation/update
2023-12-30 21:57:06: Server Log initialisation/update
2023-12-30 21:57:06: Server Log initialisation/update
2023-12-31 13:57:02: Server Log initialisation/update
2023-12-31 13:57:02: Server Log initialisation/update
2023-12-31 13:58:23: Server Log initialisation/update
2023-12-31 13:58:29: Server Log initialisation/update
2023-12-31 13:58:36: Server Log initialisation/update
2023-12-31 13:58:39: Server Log initialisation/update
2023-12-31 13:59:39: New User: test added to the system.
2023-12-31 14:00:17: New User: test added to the system.
2023-12-31 14:09:42: Server Log initialisation/update
2023-12-31 14:09:43: Server Log initialisation/update
2023-12-31 14:10:10: New User: test added to the system.
2023-12-31 14:10:30: Server Log initialisation/update
2023-12-31 14:11:08: Server Log initialisation/update
2023-12-31 14:11:08: Server Log initialisation/update
2023-12-31 14:11:45: Server Log initialisation/update
2023-12-31 14:17:18: Server Log initialisation/update
2023-12-31 14:17:19: Server Log initialisation/update
2023-12-31 14:20:54: Server Log initialisation/update
2023-12-31 14:20:54: Server Log initialisation/update
2023-12-31 14:21:30: New User: test added to the system.
2023-12-31 14:59:12: Server Log initialisation/update
2023-12-31 14:59:13: Server Log initialisation/update
2023-12-31 15:01:26: Server Log initialisation/update
2023-12-31 15:01:26: Server Log initialisation/update
2023-12-31 15:08:11: Server Log initialisation/update
2023-12-31 15:08:27: Server Log initialisation/update
2023-12-31 15:08:44: Server Log initialisation/update
2023-12-31 15:08:51: Server Log initialisation/update
2023-12-31 15:08:54: Server Log initialisation/update
2023-12-31 15:08:57: Server Log initialisation/update
2023-12-31 15:09:01: Server Log initialisation/update
2023-12-31 15:09:03: Server Log initialisation/update
2023-12-31 15:24:49: Server Log initialisation/update
2023-12-31 15:24:50: Server Log initialisation/update
2023-12-31 15:25:57: Server Log initialisation/update
2023-12-31 15:26:01: Server Log initialisation/update
2023-12-31 15:26:03: New User: test added to the system.
2023-12-31 15:28:11: Server Log initialisation/update
2023-12-31 15:28:11: Server Log initialisation/update
2023-12-31 15:28:42: New User: test added to the system.
2023-12-31 15:29:20: Server Log initialisation/update
2023-12-31 15:31:13: Server Log initialisation/update
2023-12-31 15:31:14: Server Log initialisation/update
2023-12-31 15:38:36: Server Log initialisation/update
2023-12-31 15:38:37: Server Log initialisation/update
2023-12-31 15:47:53: Server Log initialisation/update
2023-12-31 15:47:53: Server Log initialisation/update
2023-12-31 15:48:14: New User: test added to the system.
2023-12-31 15:52:28: Server Log initialisation/update
2023-12-31 15:52:28: Server Log initialisation/update
2023-12-31 15:52:45: New User: test added to the system.
2023-12-31 16:01:03: Server Log initialisation/update
2023-12-31 16:01:03: Server Log initialisation/update
2023-12-31 16:03:30: New User: test added to the system.
2023-12-31 16:04:02: New User: test added to the system.
2023-12-31 16:08:22: Server Log initialisation/update
2023-12-31 16:08:22: Server Log initialisation/update
2023-12-31 16:15:45: Server Log initialisation/update
2023-12-31 16:15:45: Server Log initialisation/update
2023-12-31 16:17:23: New User: test added to the system.
2023-12-31 17:50:04: Server Log initialisation/update
2023-12-31 17:50:04: Server Log initialisation/update
2023-12-31 17:50:42: Server Log initialisation/update
2023-12-31 17:56:32: Server Log initialisation/update
2023-12-31 17:56:33: Server Log initialisation/update
2023-12-31 17:56:43: Server Log initialisation/update
2023-12-31 17:56:43: Server Log initialisation/update
2023-12-31 17:57:17: Server Log initialisation/update
2023-12-31 17:57:17: Server Log initialisation/update
2023-12-31 17:57:26: Server Log initialisation/update
2023-12-31 17:57:26: Server Log initialisation/update
2023-12-31 17:58:46: Server Log initialisation/update
2023-12-31 17:58:47: Server Log initialisation/update
2023-12-31 17:58:49: Server Log initialisation/update
2023-12-31 17:58:54: Server Log initialisation/update
2023-12-31 17:58:55: Server Log initialisation/update
2023-12-31 17:59:06: Server Log initialisation/update
2023-12-31 17:59:06: Server Log initialisation/update
2023-12-31 17:59:13: (1) SQL ERROR: 'NoneType' object is not subscriptable
2023-12-31 18:00:00: (1) SQL ERROR: 'NoneType' object is not subscriptable
2023-12-31 18:00:09: Server Log initialisation/update
2023-12-31 18:00:10: Server Log initialisation/update
2023-12-31 18:07:53: Server Log initialisation/update
2023-12-31 18:07:53: Server Log initialisation/update
2023-12-31 18:08:17: Server Log initialisation/update
2023-12-31 19:05:14: Server Log initialisation/update
2023-12-31 22:48:06: Server Log initialisation/update
2023-12-31 22:48:29: Server Log initialisation/update
2023-12-31 22:48:29: Server Log initialisation/update
2023-12-31 22:48:38: (1) SQL ERROR: 'NoneType' object is not subscriptable
2023-12-31 22:48:52: New User: test added to the system.
2023-12-31 22:51:32: Server Log initialisation/update
2023-12-31 22:51:32: Server Log initialisation/update
2023-12-31 22:51:44: (1) SQL ERROR: 'NoneType' object is not subscriptable
2023-12-31 22:51:57: New User: test added to the system.
2023-12-31 22:52:45: Server Log initialisation/update
2023-12-31 22:53:28: Server Log initialisation/update
2023-12-31 22:53:28: Server Log initialisation/update
2023-12-31 22:53:44: (1) SQL ERROR: 'NoneType' object is not subscriptable
2023-12-31 22:53:57: New User: test added to the system.
2023-12-31 22:54:39: Server Log initialisation/update
2023-12-31 22:54:39: Server Log initialisation/update
2023-12-31 22:54:54: Server Log initialisation/update
2023-12-31 22:54:54: Server Log initialisation/update
2023-12-31 22:55:23: New User: test added to the system.
2023-12-31 22:55:47: Server Log initialisation/update
2023-12-31 22:55:49: Server Log initialisation/update
2023-12-31 22:55:52: Server Log initialisation/update
2023-12-31 22:55:55: Server Log initialisation/update
2023-12-31 22:56:11: Server Log initialisation/update
2023-12-31 22:56:11: Server Log initialisation/update
2023-12-31 22:56:34: New User: test added to the system.
2023-12-31 23:02:32: Server Log initialisation/update
2024-01-01 10:20:17: Server Log initialisation/update
2024-01-01 10:20:17: Server Log initialisation/update
2024-01-01 10:20:26: (1) SQL ERROR: 'NoneType' object is not subscriptable
2024-01-01 10:20:41: New User: test added to the system.
2024-01-01 11:43:49: Server Log initialisation/update
2024-01-01 11:43:49: Server Log initialisation/update
2024-01-01 11:45:38: Server Log initialisation/update
2024-01-01 11:45:39: Server Log initialisation/update
2024-01-01 11:46:29: Server Log initialisation/update
2024-01-01 11:46:29: Server Log initialisation/update
2024-01-01 14:28:57: Server Log initialisation/update
2024-01-01 14:28:57: Server Log initialisation/update
2024-01-01 14:31:46: Server Log initialisation/update
2024-01-01 14:31:55: Server Log initialisation/update
2024-01-01 14:31:55: Server Log initialisation/update
2024-01-01 14:40:16: Server Log initialisation/update
2024-01-01 14:40:16: Server Log initialisation/update
2024-01-01 14:41:00: Server Log initialisation/update
2024-01-01 14:41:28: Server Log initialisation/update
2024-01-01 14:41:28: Server Log initialisation/update
2024-01-01 14:41:37: (1) SQL ERROR: 'NoneType' object is not subscriptable
2024-01-01 14:41:54: (1) SQL ERROR: 'NoneType' object is not subscriptable
2024-01-01 14:45:14: Server Log initialisation/update
2024-01-01 14:45:15: Server Log initialisation/update
2024-01-01 14:46:12: (1) SQL ERROR: 'NoneType' object is not subscriptable
2024-01-01 14:52:58: Server Log initialisation/update
2024-01-01 14:52:59: Server Log initialisation/update
2024-01-01 14:53:16: (1) SQL ERROR: 'NoneType' object is not subscriptable
2024-01-01 14:55:07: Server Log initialisation/update
2024-01-01 14:55:07: Server Log initialisation/update
2024-01-01 14:55:32: New User: test added to the system.
2024-01-01 14:58:51: Server Log initialisation/update
2024-01-01 17:03:28: Server Log initialisation/update
2024-01-02 14:47:49: Server Log initialisation/update
2024-01-02 14:49:34: Server Log initialisation/update
2024-01-02 14:50:28: Server Log initialisation/update
2024-01-02 14:50:56: Server Log initialisation/update
2024-01-02 14:51:13: Server Log initialisation/update
2024-01-02 14:52:02: Server Log initialisation/update
2024-01-02 14:52:53: Server Log initialisation/update
2024-01-02 14:56:16: Server Log initialisation/update
2024-01-02 14:57:03: Server Log initialisation/update
2024-01-02 15:00:33: Server Log initialisation/update
2024-01-02 15:00:33: Created Database.
2024-01-02 15:00:34: Server Log initialisation/update
2024-01-02 15:00:34: Created Database.
2024-01-02 15:06:20: Server Log initialisation/update
2024-01-02 15:06:20: Created Database.
2024-01-02 15:06:20: Server Log initialisation/update
2024-01-02 15:06:20: Created Database.
2024-01-02 15:07:25: Server Log initialisation/update
2024-01-02 15:07:25: Created Database.
2024-01-02 15:07:25: Server Log initialisation/update
2024-01-02 15:07:25: Created Database.
2024-01-02 15:10:25: Server Log initialisation/update
2024-01-02 15:10:25: Created Database.
2024-01-02 15:10:57: Server Log initialisation/update
2024-01-02 15:10:57: Created Database.
2024-01-02 15:10:57: Server Log initialisation/update
2024-01-02 15:10:57: Created Database.
2024-01-02 15:30:12: Server Log initialisation/update
2024-01-02 15:30:12: Created Database.
2024-01-02 15:30:12: Server Log initialisation/update
2024-01-02 15:30:12: Created Database.
2024-01-02 15:35:37: Server Log initialisation/update
2024-01-02 15:35:37: Created Database.
2024-01-02 15:35:44: Server Log initialisation/update
2024-01-02 15:35:44: Created Database.
2024-01-02 15:35:45: Server Log initialisation/update
2024-01-02 15:35:45: Created Database.
2024-01-02 15:35:49: Server Log initialisation/update
2024-01-02 15:35:49: Created Database.
2024-01-02 15:35:51: Server Log initialisation/update
2024-01-02 15:35:51: Created Database.
2024-01-02 15:36:05: Server Log initialisation/update
2024-01-02 15:36:05: Created Database.
2024-01-02 15:36:12: Server Log initialisation/update
2024-01-02 15:36:12: Created Database.
2024-01-02 15:36:14: Server Log initialisation/update
2024-01-02 15:36:14: Created Database.
2024-01-02 15:36:16: Server Log initialisation/update
2024-01-02 15:36:16: Created Database.
2024-01-02 15:36:30: Server Log initialisation/update
2024-01-02 15:36:30: Created Database.
2024-01-02 15:36:33: Server Log initialisation/update
2024-01-02 15:36:33: Created Database.
2024-01-02 15:36:35: Server Log initialisation/update
2024-01-02 15:36:35: Created Database.
2024-01-02 15:36:36: Server Log initialisation/update
2024-01-02 15:36:36: Created Database.
2024-01-02 15:36:40: Server Log initialisation/update
2024-01-02 15:36:40: Created Database.
2024-01-02 15:36:42: Server Log initialisation/update
2024-01-02 15:36:42: Created Database.
2024-01-02 15:36:47: Server Log initialisation/update
2024-01-02 15:36:47: Created Database.
2024-01-02 15:38:58: Server Log initialisation/update
2024-01-02 15:38:58: Created Database.
2024-01-02 15:38:59: Server Log initialisation/update
2024-01-02 15:38:59: Created Database.
2024-01-02 15:42:03: Server Log initialisation/update
2024-01-02 15:42:03: Created Database.
2024-01-02 15:43:00: Server Log initialisation/update
2024-01-02 15:43:00: Created Database.
2024-01-02 15:43:00: Server Log initialisation/update
2024-01-02 15:43:00: Created Database.
2024-01-02 15:44:58: Server Log initialisation/update
2024-01-02 15:44:58: Created Database.
2024-01-02 15:46:42: Server Log initialisation/update
2024-01-02 15:46:42: Created Database.
2024-01-02 15:46:45: Server Log initialisation/update
2024-01-02 15:46:45: Created Database.
2024-01-02 15:46:49: Server Log initialisation/update
2024-01-02 15:46:49: Created Database.
2024-01-02 15:47:38: Server Log initialisation/update
2024-01-02 15:47:38: Created Database.
2024-01-02 15:47:41: Server Log initialisation/update
2024-01-02 15:47:41: Created Database.
2024-01-02 15:47:43: Server Log initialisation/update
2024-01-02 15:47:43: Created Database.
2024-01-02 15:47:45: Server Log initialisation/update
2024-01-02 15:47:45: Created Database.
2024-01-02 15:47:49: Server Log initialisation/update
2024-01-02 15:47:49: Created Database.
2024-01-02 15:48:51: Server Log initialisation/update
2024-01-02 15:48:51: Created Database.
2024-01-02 15:48:52: Server Log initialisation/update
2024-01-02 15:48:52: Created Database.
2024-01-02 15:49:15: Server Log initialisation/update
2024-01-02 15:49:15: Created Database.
2024-01-02 15:51:12: Server Log initialisation/update
2024-01-02 15:51:12: Created Database.
2024-01-02 15:53:14: Server Log initialisation/update
2024-01-02 15:53:14: Created Database.
2024-01-02 16:21:42: Server Log initialisation/update
2024-01-02 16:21:42: Created Database.
2024-01-02 16:21:46: Server Log initialisation/update
2024-01-02 16:21:46: Created Database.
2024-01-02 16:21:47: Server Log initialisation/update
2024-01-02 16:21:47: Created Database.
2024-01-02 16:21:49: Server Log initialisation/update
2024-01-02 16:21:49: Created Database.
2024-01-02 16:22:04: Server Log initialisation/update
2024-01-02 16:22:04: Created Database.
2024-01-02 16:22:11: Server Log initialisation/update
2024-01-02 16:22:11: Created Database.
2024-01-02 16:22:12: Server Log initialisation/update
2024-01-02 16:22:12: Created Database.
2024-01-02 16:22:14: Server Log initialisation/update
2024-01-02 16:22:14: Created Database.
2024-01-02 16:24:02: Server Log initialisation/update
2024-01-02 16:24:02: Created Database.
2024-01-02 16:24:03: Server Log initialisation/update
2024-01-02 16:24:03: Created Database.
2024-01-02 16:24:55: Server Log initialisation/update
2024-01-02 16:24:55: Created Database.
2024-01-02 16:25:08: Server Log initialisation/update
2024-01-02 16:25:48: Server Log initialisation/update
2024-01-02 16:25:48: Created Database.
2024-01-02 16:25:48: Server Log initialisation/update
2024-01-02 16:25:48: Created Database.
2024-01-02 16:29:46: Server Log initialisation/update
2024-01-02 16:33:44: Server Log initialisation/update
2024-01-02 16:33:44: Created Database.
2024-01-02 16:33:44: Server Log initialisation/update
2024-01-02 16:33:44: Created Database.
2024-01-02 16:35:14: Server Log initialisation/update
2024-01-02 16:35:14: Created Database.
2024-01-02 16:35:19: Server Log initialisation/update
2024-01-02 16:35:19: Created Database.
2024-01-02 16:35:33: Server Log initialisation/update
2024-01-02 16:35:33: Created Database.
2024-01-02 16:35:34: Server Log initialisation/update
2024-01-02 16:35:34: Created Database.
2024-01-02 16:37:43: Server Log initialisation/update
2024-01-02 16:37:43: Created Database.
2024-01-02 16:38:01: Server Log initialisation/update
2024-01-02 16:38:01: Created Database.
2024-01-02 16:51:45: Server Log initialisation/update
2024-01-02 16:51:45: Created Database.
2024-01-02 16:51:45: Server Log initialisation/update
2024-01-02 16:51:45: Created Database.
2024-01-02 16:57:27: Server Log initialisation/update
2024-01-02 16:57:27: Created Database.
2024-01-02 17:07:34: Server Log initialisation/update
2024-01-02 17:07:34: Created Database.
2024-01-02 17:07:35: Server Log initialisation/update
2024-01-02 17:07:35: Created Database.
2024-01-02 17:13:22: Server Log initialisation/update
2024-01-02 17:13:22: Created Database.
2024-01-02 17:18:42: Server Log initialisation/update
2024-01-02 17:19:05: Server Log initialisation/update
2024-01-02 17:20:16: Server Log initialisation/update
2024-01-02 17:20:33: Server Log initialisation/update
2024-01-02 17:20:33: Created Database.
2024-01-02 17:20:34: Server Log initialisation/update
2024-01-02 17:20:34: Created Database.
2024-01-02 17:21:02: Server Log initialisation/update
2024-01-02 17:21:02: Created Database.
2024-01-02 17:21:02: Server Log initialisation/update
2024-01-02 17:21:02: Created Database.
2024-01-02 17:22:20: Server Log initialisation/update
2024-01-02 17:22:20: Created Database.
2024-01-02 17:22:20: Server Log initialisation/update
2024-01-02 17:22:20: Created Database.
2024-01-02 17:25:34: Server Log initialisation/update
2024-01-02 17:26:27: Server Log initialisation/update
2024-01-02 17:26:58: Server Log initialisation/update
2024-01-02 17:29:37: Server Log initialisation/update
2024-01-02 17:30:36: Server Log initialisation/update
2024-01-02 17:33:34: Server Log initialisation/update
2024-01-02 17:33:46: Server Log initialisation/update
2024-01-02 17:33:46: Created Database.
2024-01-02 17:33:47: Server Log initialisation/update
2024-01-02 17:33:47: Created Database.
2024-01-02 17:35:32: Server Log initialisation/update
2024-01-02 17:35:32: Created Database.
2024-01-02 17:35:41: Server Log initialisation/update
2024-01-02 17:35:41: Created Database.
2024-01-02 17:35:42: Server Log initialisation/update
2024-01-02 17:35:42: Created Database.
2024-01-02 17:35:44: Server Log initialisation/update
2024-01-02 17:35:44: Created Database.
2024-01-02 17:35:57: Server Log initialisation/update
2024-01-02 17:35:57: Created Database.
2024-01-02 17:36:11: Server Log initialisation/update
2024-01-02 17:36:11: Created Database.
2024-01-02 17:36:18: Server Log initialisation/update
2024-01-02 17:36:18: Created Database.
2024-01-02 17:36:30: Server Log initialisation/update
2024-01-02 17:36:30: Created Database.
2024-01-02 17:53:22: Server Log initialisation/update
2024-01-02 17:54:44: Server Log initialisation/update
2024-01-02 17:55:56: Server Log initialisation/update
2024-01-02 17:56:31: Server Log initialisation/update
2024-01-02 17:57:13: Server Log initialisation/update
2024-01-02 17:57:21: Server Log initialisation/update
2024-01-02 17:58:00: Server Log initialisation/update
2024-01-02 17:58:11: Server Log initialisation/update
2024-01-02 17:58:12: Created Database.
2024-01-02 17:58:12: Server Log initialisation/update
2024-01-02 17:58:12: Created Database.
2024-01-02 17:58:16: New User: test added to the system.
2024-01-02 18:05:46: Server Log initialisation/update
2024-01-02 18:05:46: Created Database.
2024-01-02 18:05:47: Server Log initialisation/update
2024-01-02 18:05:47: Created Database.
2024-01-02 18:54:06: Server Log initialisation/update
2024-01-02 18:54:06: Created Database.
2024-01-02 18:54:08: Server Log initialisation/update
2024-01-02 18:54:08: Created Database.
2024-01-02 18:54:13: Server Log initialisation/update
2024-01-02 18:54:13: Created Database.
2024-01-02 18:59:44: Server Log initialisation/update
2024-01-02 18:59:44: Created Database.
2024-01-02 18:59:44: Server Log initialisation/update
2024-01-02 18:59:44: Created Database.
2024-01-02 19:00:34: New User: test added to the system.
2024-01-02 19:05:29: Server Log initialisation/update
2024-01-02 19:05:29: Created Database.
2024-01-02 19:05:29: Server Log initialisation/update
2024-01-02 19:05:29: Created Database.
2024-01-02 19:06:00: Server Log initialisation/update
2024-01-02 19:06:00: Created Database.
2024-01-02 19:06:00: Server Log initialisation/update
2024-01-02 19:06:00: Created Database.
2024-01-02 19:07:02: Server Log initialisation/update
2024-01-02 19:07:02: Created Database.
2024-01-02 19:07:02: Server Log initialisation/update
2024-01-02 19:07:02: Created Database.
2024-01-02 19:07:15: Server Log initialisation/update
2024-01-02 19:07:15: Created Database.
2024-01-02 19:07:16: Server Log initialisation/update
2024-01-02 19:07:16: Created Database.
2024-01-02 19:09:16: Server Log initialisation/update
2024-01-02 19:09:16: Created Database.
2024-01-02 19:22:26: Server Log initialisation/update
2024-01-02 19:22:26: Created Database.
2024-01-02 19:22:30: Server Log initialisation/update
2024-01-02 19:22:30: Created Database.
2024-01-02 19:22:31: Server Log initialisation/update
2024-01-02 19:22:31: Created Database.
2024-01-02 19:22:35: Server Log initialisation/update
2024-01-02 19:22:35: Created Database.
2024-01-02 19:22:38: Server Log initialisation/update
2024-01-02 19:22:38: Created Database.
2024-01-02 19:22:41: Server Log initialisation/update
2024-01-02 19:22:41: Created Database.
2024-01-02 19:24:58: Server Log initialisation/update
2024-01-02 19:24:58: Created Database.
2024-01-02 19:25:00: Server Log initialisation/update
2024-01-02 19:25:00: Created Database.
2024-01-02 19:25:59: Server Log initialisation/update
2024-01-02 19:25:59: Created Database.
2024-01-02 19:26:02: Server Log initialisation/update
2024-01-02 19:26:02: Created Database.
2024-01-02 19:26:03: Server Log initialisation/update
2024-01-02 19:26:03: Created Database.
2024-01-02 19:26:47: Server Log initialisation/update
2024-01-02 19:26:47: Created Database.
2024-01-02 19:27:36: Server Log initialisation/update
2024-01-02 19:27:36: Created Database.
2024-01-02 19:28:12: Server Log initialisation/update
2024-01-02 19:28:12: Created Database.
2024-01-02 19:28:16: Server Log initialisation/update
2024-01-02 19:28:16: Created Database.
2024-01-02 19:28:19: Server Log initialisation/update
2024-01-02 19:28:19: Created Database.
2024-01-02 19:28:46: Server Log initialisation/update
2024-01-02 19:28:46: Created Database.
2024-01-02 19:28:49: Server Log initialisation/update
2024-01-02 19:28:49: Created Database.
2024-01-02 19:28:52: Server Log initialisation/update
2024-01-02 19:28:52: Created Database.
2024-01-02 19:29:51: Server Log initialisation/update
2024-01-02 19:29:51: Created Database.
2024-01-02 19:29:52: Server Log initialisation/update
2024-01-02 19:29:53: Created Database.
2024-01-02 20:31:18: Server Log initialisation/update
2024-01-02 20:31:18: Created Database.
2024-01-02 20:31:19: Server Log initialisation/update
2024-01-02 20:31:19: Created Database.
2024-01-02 20:49:59: Server Log initialisation/update
2024-01-02 20:49:59: Created Database.
2024-01-02 20:50:02: Server Log initialisation/update
2024-01-02 20:50:02: Created Database.
2024-01-02 20:50:04: Server Log initialisation/update
2024-01-02 20:50:04: Created Database.
2024-01-02 20:50:05: Server Log initialisation/update
2024-01-02 20:50:05: Created Database.
2024-01-02 20:50:07: Server Log initialisation/update
2024-01-02 20:50:07: Created Database.
2024-01-02 20:52:04: Server Log initialisation/update
2024-01-02 20:52:04: Created Database.
2024-01-02 20:52:04: Server Log initialisation/update
2024-01-02 20:52:04: Created Database.
2024-01-02 21:13:53: Server Log initialisation/update
2024-01-02 21:13:53: Created Database.
2024-01-02 21:13:53: Server Log initialisation/update
2024-01-02 21:13:53: Created Database.
2024-01-02 21:14:11: Server Log initialisation/update
2024-01-02 21:14:11: Created Database.
2024-01-02 21:32:39: Server Log initialisation/update
2024-01-02 21:32:39: Created Database.
2024-01-02 21:32:49: Server Log initialisation/update
2024-01-02 21:32:49: Created Database.
2024-01-02 21:46:42: Server Log initialisation/update
2024-01-02 21:46:42: Created Database.
2024-01-02 21:47:27: Server Log initialisation/update
2024-01-02 21:47:27: Created Database.
2024-01-02 21:47:27: Server Log initialisation/update
2024-01-02 21:47:27: Created Database.
2024-01-02 21:47:51: Server Log initialisation/update
2024-01-02 21:47:51: Created Database.
2024-01-02 22:07:42: Server Log initialisation/update
2024-01-02 22:07:42: Created Database.
2024-01-02 22:07:43: Server Log initialisation/update
2024-01-02 22:07:43: Created Database.
2024-01-02 22:08:07: Server Log initialisation/update
2024-01-02 22:08:07: Created Database.
2024-01-02 22:08:15: Server Log initialisation/update
2024-01-02 22:08:15: Created Database.
2024-01-02 22:08:29: Server Log initialisation/update
2024-01-02 22:08:29: Created Database.
2024-01-02 22:08:30: Server Log initialisation/update
2024-01-02 22:08:30: Created Database.
2024-01-02 22:08:48: Server Log initialisation/update
2024-01-02 22:08:48: Created Database.
2024-01-02 22:09:25: Server Log initialisation/update
2024-01-02 22:09:25: Created Database.
2024-01-02 22:09:39: Server Log initialisation/update
2024-01-02 22:09:39: Created Database.
2024-01-02 22:10:14: Server Log initialisation/update
2024-01-02 22:10:14: Created Database.
2024-01-02 22:10:24: Server Log initialisation/update
2024-01-02 22:10:24: Created Database.
2024-01-02 22:10:36: Server Log initialisation/update
2024-01-02 22:10:36: Created Database.
2024-01-02 22:10:36: Server Log initialisation/update
2024-01-02 22:10:36: Created Database.
2024-01-02 22:11:06: Server Log initialisation/update
2024-01-02 22:11:06: Created Database.
2024-01-02 22:12:23: Server Log initialisation/update
2024-01-02 22:12:23: Created Database.
2024-01-02 22:12:23: Server Log initialisation/update
2024-01-02 22:12:23: Created Database.
2024-01-02 22:12:34: Server Log initialisation/update
2024-01-02 22:12:34: Created Database.
2024-01-02 22:12:46: Server Log initialisation/update
2024-01-02 22:12:46: Created Database.
2024-01-02 22:13:04: Server Log initialisation/update
2024-01-02 22:13:04: Created Database.
2024-01-02 22:13:05: Server Log initialisation/update
2024-01-02 22:13:05: Created Database.
2024-01-02 22:13:20: Server Log initialisation/update
2024-01-02 22:13:20: Created Database.
2024-01-02 22:13:23: Server Log initialisation/update
2024-01-02 22:13:23: Created Database.
2024-01-02 22:13:33: Server Log initialisation/update
2024-01-02 22:13:33: Created Database.
2024-01-02 22:13:47: Server Log initialisation/update
2024-01-02 22:13:47: Created Database.
2024-01-02 22:13:54: Server Log initialisation/update
2024-01-02 22:13:54: Created Database.
2024-01-02 22:13:57: Server Log initialisation/update
2024-01-02 22:13:57: Created Database.
2024-01-02 22:14:02: Server Log initialisation/update
2024-01-02 22:14:02: Created Database.
2024-01-02 22:14:06: Server Log initialisation/update
2024-01-02 22:14:06: Created Database.
2024-01-02 22:14:09: Server Log initialisation/update
2024-01-02 22:14:09: Created Database.
2024-01-02 22:14:12: Server Log initialisation/update
2024-01-02 22:14:12: Created Database.
2024-01-02 22:14:29: Server Log initialisation/update
2024-01-02 22:14:29: Created Database.
2024-01-02 22:15:08: Server Log initialisation/update
2024-01-02 22:15:08: Created Database.
2024-01-02 22:15:10: Server Log initialisation/update
2024-01-02 22:15:10: Created Database.
2024-01-02 22:15:25: Server Log initialisation/update
2024-01-02 22:15:25: Created Database.
2024-01-02 22:29:55: Server Log initialisation/update
2024-01-02 22:29:55: Created Database.
2024-01-02 22:29:56: Server Log initialisation/update
2024-01-02 22:29:56: Created Database.
2024-01-02 22:30:19: Server Log initialisation/update
2024-01-02 22:30:19: Created Database.
2024-01-02 22:30:19: Server Log initialisation/update
2024-01-02 22:30:19: Created Database.
2024-01-02 22:30:31: Server Log initialisation/update
2024-01-02 22:30:31: Created Database.
2024-01-02 22:30:56: Server Log initialisation/update
2024-01-02 22:30:56: Created Database.
2024-01-02 22:30:56: Server Log initialisation/update
2024-01-02 22:30:56: Created Database.
2024-01-02 22:31:22: Server Log initialisation/update
2024-01-02 22:31:22: Created Database.
2024-01-02 22:31:23: Server Log initialisation/update
2024-01-02 22:31:24: Created Database.
2024-01-02 22:58:00: Server Log initialisation/update
2024-01-02 22:58:00: Created Database.
2024-01-02 22:58:01: Server Log initialisation/update
2024-01-02 22:58:01: Created Database.
2024-01-02 22:58:28: Server Log initialisation/update
2024-01-02 22:58:28: Created Database.
2024-01-02 22:58:29: Server Log initialisation/update
2024-01-02 22:58:29: Created Database.
2024-01-02 22:59:38: New User: testDelegate added to the system.
2024-01-02 23:00:27: New User: testHost added to the system.
2024-01-02 23:17:08: Server Log initialisation/update
2024-01-02 23:17:08: Created Database.
2024-01-03 11:09:42: Server Log initialisation/update
2024-01-03 11:09:42: Created Database.
2024-01-03 11:09:42: Server Log initialisation/update
2024-01-03 11:09:42: Created Database.
2024-01-03 11:29:03: Server Log initialisation/update
2024-01-03 11:29:03: Created Database.
2024-01-03 11:29:05: Server Log initialisation/update
2024-01-03 11:29:05: Created Database.
2024-01-03 11:29:09: Server Log initialisation/update
2024-01-03 11:29:09: Created Database.
2024-01-03 11:29:10: Server Log initialisation/update
2024-01-03 11:29:10: Created Database.
2024-01-03 11:29:20: Server Log initialisation/update
2024-01-03 11:29:20: Created Database.
2024-01-03 11:29:25: Server Log initialisation/update
2024-01-03 11:29:25: Created Database.
2024-01-03 11:29:32: Server Log initialisation/update
2024-01-03 11:29:32: Created Database.
2024-01-03 17:31:08: Server Log initialisation/update
2024-01-03 17:31:08: Created Database.
2024-01-03 17:36:33: Server Log initialisation/update
2024-01-03 17:36:33: Created Database.
2024-01-03 17:36:33: Server Log initialisation/update
2024-01-03 17:36:33: Created Database.
2024-01-03 17:39:25: Server Log initialisation/update
2024-01-03 17:39:25: Created Database.
2024-01-03 17:39:25: Server Log initialisation/update
2024-01-03 17:39:25: Created Database.
2024-01-03 17:40:32: New User: testHost added to the system.
2024-01-03 17:50:21: Server Log initialisation/update
2024-01-03 17:50:21: Created Database.
2024-01-03 17:50:21: Server Log initialisation/update
2024-01-03 17:50:21: Created Database.
2024-01-03 17:51:26: New User: testHost added to the system.
2024-01-03 19:05:04: Server Log initialisation/update
2024-01-03 19:05:04: Created Database.
2024-01-03 19:05:04: Server Log initialisation/update
2024-01-03 19:05:04: Created Database.
2024-01-03 19:06:29: Server Log initialisation/update
2024-01-03 19:06:29: Created Database.
2024-01-03 19:06:41: Server Log initialisation/update
2024-01-03 19:06:41: Created Database.
2024-01-03 19:07:06: Server Log initialisation/update
2024-01-03 19:07:06: Created Database.
2024-01-03 19:07:09: Server Log initialisation/update
2024-01-03 19:07:09: Created Database.
2024-01-03 19:07:32: Server Log initialisation/update
2024-01-03 19:07:32: Created Database.
2024-01-03 19:07:35: Server Log initialisation/update
2024-01-03 19:07:35: Created Database.
2024-01-03 19:07:36: Server Log initialisation/update
2024-01-03 19:07:36: Created Database.
2024-01-03 19:07:57: Server Log initialisation/update
2024-01-03 19:07:57: Created Database.
2024-01-03 19:09:34: Server Log initialisation/update
2024-01-03 19:09:34: Created Database.
2024-01-03 19:10:09: Server Log initialisation/update
2024-01-03 19:10:09: Created Database.
2024-01-03 19:10:33: Server Log initialisation/update
2024-01-03 19:10:33: Created Database.
2024-01-03 19:10:36: Server Log initialisation/update
2024-01-03 19:10:36: Created Database.
2024-01-03 19:10:44: Server Log initialisation/update
2024-01-03 19:10:44: Created Database.
2024-01-03 19:11:05: Server Log initialisation/update
2024-01-03 19:11:05: Created Database.
2024-01-03 19:11:11: Server Log initialisation/update
2024-01-03 19:11:11: Created Database.
2024-01-03 19:11:39: Server Log initialisation/update
2024-01-03 19:11:39: Created Database.
2024-01-03 19:11:44: Server Log initialisation/update
2024-01-03 19:11:44: Created Database.
2024-01-03 19:11:48: Server Log initialisation/update
2024-01-03 19:11:48: Created Database.
2024-01-03 19:11:49: Server Log initialisation/update
2024-01-03 19:11:49: Created Database.
2024-01-03 19:11:59: Server Log initialisation/update
2024-01-03 19:11:59: Created Database.
2024-01-03 19:12:29: Server Log initialisation/update
2024-01-03 19:12:29: Created Database.
2024-01-03 19:12:30: Server Log initialisation/update
2024-01-03 19:12:30: Created Database.
2024-01-03 19:12:38: Server Log initialisation/update
2024-01-03 19:12:38: Created Database.
2024-01-03 19:12:40: Server Log initialisation/update
2024-01-03 19:12:40: Created Database.
2024-01-03 19:12:47: Server Log initialisation/update
2024-01-03 19:12:47: Created Database.
2024-01-03 19:12:51: Server Log initialisation/update
2024-01-03 19:12:51: Created Database.
2024-01-03 19:12:56: Server Log initialisation/update
2024-01-03 19:12:56: Created Database.
2024-01-03 19:12:58: Server Log initialisation/update
2024-01-03 19:12:58: Created Database.
2024-01-03 19:13:16: Server Log initialisation/update
2024-01-03 19:13:16: Created Database.
2024-01-03 19:13:19: Server Log initialisation/update
2024-01-03 19:13:19: Created Database.
2024-01-03 19:13:23: Server Log initialisation/update
2024-01-03 19:13:23: Created Database.
2024-01-11 09:52:20: Server Log initialisation/update
2024-01-11 09:52:20: Created Database.
2024-01-11 09:52:20: Server Log initialisation/update
2024-01-11 09:52:20: Created Database.
2024-01-11 09:56:23: New User: Oppy added to the system.
2024-01-12 13:16:56: Server Log initialisation/update
2024-01-12 13:16:56: Created Database.
2024-01-23 13:41:43: Server Log initialisation/update
2024-01-23 13:41:43: Created Database.
2024-01-23 13:41:43: Server Log initialisation/update
2024-01-23 13:41:43: Created Database.
2024-01-23 13:42:47: New User: testHost added to the system.
2024-01-23 13:43:40: Server Log initialisation/update
2024-01-23 13:43:40: Created Database.
2024-01-23 13:43:41: Server Log initialisation/update
2024-01-23 13:43:41: Created Database.
2024-01-23 13:44:34: New User: testHost added to the system.
2024-01-23 13:46:09: Server Log initialisation/update
2024-01-23 13:46:09: Created Database.
2024-01-23 13:46:09: Server Log initialisation/update
2024-01-23 13:46:09: Created Database.
2024-01-23 13:48:04: New User: testHost added to the system.
2024-02-02 13:41:40: Server Log initialisation/update
2024-02-02 13:41:40: Created Database.
2024-02-02 13:41:40: Server Log initialisation/update
2024-02-02 13:41:40: Created Database.
2024-02-02 14:13:37: Server Log initialisation/update
2024-02-02 14:13:37: Created Database.
2024-02-02 14:13:41: Server Log initialisation/update
2024-02-02 14:13:41: Created Database.
2024-02-02 14:13:47: Server Log initialisation/update
2024-02-02 14:13:47: Created Database.
2024-02-02 14:14:26: Server Log initialisation/update
2024-02-02 14:14:26: Created Database.
2024-02-05 09:59:43: Server Log initialisation/update
2024-02-05 09:59:43: Created Database.
2024-02-05 09:59:44: Server Log initialisation/update
2024-02-05 09:59:44: Created Database.
2024-02-05 10:00:02: Server Log initialisation/update
2024-02-05 10:00:02: Created Database.
2024-02-05 10:00:03: Server Log initialisation/update
2024-02-05 10:00:03: Created Database.
2024-02-05 10:04:02: New User: TestHost added to the system.
2024-02-05 12:06:46: Server Log initialisation/update
2024-02-05 12:06:46: Created Database.
2024-02-05 12:06:46: Server Log initialisation/update
2024-02-05 12:06:46: Created Database.
2024-02-05 13:49:05: Server Log initialisation/update
2024-02-05 13:49:05: Created Database.
2024-02-05 13:49:05: Server Log initialisation/update
2024-02-05 13:49:05: Created Database.
2024-02-05 13:49:39: Server Log initialisation/update
2024-02-05 13:49:39: Created Database.
2024-02-05 13:49:42: Server Log initialisation/update
2024-02-05 13:49:42: Created Database.
2024-02-05 14:08:59: Server Log initialisation/update
2024-02-05 14:08:59: Created Database.
2024-02-05 14:08:59: Server Log initialisation/update
2024-02-05 14:08:59: Created Database.
2024-02-05 14:10:35: Server Log initialisation/update
2024-02-05 14:10:35: Created Database.
2024-02-05 14:11:23: Server Log initialisation/update
2024-02-05 14:11:23: Created Database.
2024-02-05 14:11:53: Server Log initialisation/update
2024-02-05 14:11:53: Created Database.
2024-02-05 14:11:54: Server Log initialisation/update
2024-02-05 14:11:54: Created Database.
2024-02-05 14:28:11: Server Log initialisation/update
2024-02-05 14:28:11: Created Database.
2024-02-05 14:33:47: Server Log initialisation/update
2024-02-05 14:33:47: Created Database.
2024-02-05 14:33:48: Server Log initialisation/update
2024-02-05 14:33:48: Created Database.
2024-02-05 14:39:30: Server Log initialisation/update
2024-02-05 14:39:30: Created Database.
2024-02-05 14:39:34: Server Log initialisation/update
2024-02-05 14:39:34: Created Database.
2024-02-05 14:39:34: Server Log initialisation/update
2024-02-05 14:39:34: Created Database.
2024-02-05 14:52:33: Server Log initialisation/update
2024-02-05 14:52:33: Created Database.
2024-02-05 14:52:36: Server Log initialisation/update
2024-02-05 14:52:36: Created Database.
2024-02-05 14:53:07: Server Log initialisation/update
2024-02-05 14:53:07: Created Database.
2024-02-05 14:53:10: Server Log initialisation/update
2024-02-05 14:53:10: Created Database.
2024-02-05 14:53:43: Server Log initialisation/update
2024-02-05 14:53:43: Created Database.
2024-02-05 14:53:44: Server Log initialisation/update
2024-02-05 14:53:44: Created Database.
2024-02-05 16:14:41: Server Log initialisation/update
2024-02-05 16:14:41: Created Database.
2024-02-05 16:15:57: Server Log initialisation/update
2024-02-05 16:15:57: Created Database.
2024-02-05 16:15:57: Server Log initialisation/update
2024-02-05 16:15:57: Created Database.
2024-02-05 16:16:25: Server Log initialisation/update
2024-02-05 16:16:25: Created Database.
2024-02-05 16:16:27: Server Log initialisation/update
2024-02-05 16:16:27: Created Database.
2024-02-05 16:25:16: Server Log initialisation/update
2024-02-05 16:25:16: Created Database.
2024-02-05 16:25:19: Server Log initialisation/update
2024-02-05 16:25:19: Created Database.
2024-02-05 16:25:21: Server Log initialisation/update
2024-02-05 16:25:21: Created Database.
2024-02-05 16:25:24: Server Log initialisation/update
2024-02-05 16:25:24: Created Database.
2024-02-05 17:08:09: Server Log initialisation/update
2024-02-05 17:08:09: Created Database.
2024-02-05 17:08:09: Server Log initialisation/update
2024-02-05 17:08:09: Created Database.
2024-02-05 17:15:23: New User: TestHost added to the system.
2024-02-05 17:18:26: Server Log initialisation/update
2024-02-05 17:18:26: Created Database.
2024-02-05 17:18:27: Server Log initialisation/update
2024-02-05 17:18:27: Created Database.
2024-02-05 17:19:07: New User: TestHost added to the system.
2024-02-05 17:24:32: Server Log initialisation/update
2024-02-05 17:24:32: Created Database.
2024-02-05 17:24:53: Server Log initialisation/update
2024-02-05 17:24:53: Created Database.
2024-02-05 18:15:48: Server Log initialisation/update
2024-02-05 18:15:48: Created Database.
2024-02-05 18:15:48: Server Log initialisation/update
2024-02-05 18:15:48: Created Database.
2024-02-05 18:19:56: Server Log initialisation/update
2024-02-05 18:19:56: Created Database.
2024-02-05 18:19:56: Server Log initialisation/update
2024-02-05 18:19:56: Created Database.
2024-02-05 18:20:36: New User: TestHost added to the system.
2024-02-05 20:55:30: Server Log initialisation/update
2024-02-05 20:55:30: Created Database.
2024-02-05 20:55:33: Server Log initialisation/update
2024-02-05 20:55:33: Created Database.
2024-02-05 20:59:58: Server Log initialisation/update
2024-02-05 20:59:58: Created Database.
2024-02-05 21:00:05: Server Log initialisation/update
2024-02-05 21:00:05: Created Database.
2024-02-05 21:00:47: Server Log initialisation/update
2024-02-05 21:00:47: Created Database.
2024-02-05 21:00:55: Server Log initialisation/update
2024-02-05 21:00:55: Created Database.
2024-02-05 21:12:40: Server Log initialisation/update
2024-02-05 21:12:40: Created Database.
2024-02-05 21:12:40: Server Log initialisation/update
2024-02-05 21:12:40: Created Database.
2024-02-05 21:13:26: New User: TestHost added to the system.
2024-02-05 21:14:42: Server Log initialisation/update
2024-02-05 21:14:42: Created Database.
2024-02-05 21:14:45: Server Log initialisation/update
2024-02-05 21:14:45: Created Database.
2024-02-05 21:22:19: Server Log initialisation/update
2024-02-05 21:22:19: Created Database.
2024-02-05 21:32:07: Server Log initialisation/update
2024-02-05 21:32:07: Created Database.
2024-02-05 21:32:08: Server Log initialisation/update
2024-02-05 21:32:08: Created Database.
2024-02-05 21:38:19: Server Log initialisation/update
2024-02-05 21:38:19: Created Database.
2024-02-05 21:38:23: Server Log initialisation/update
2024-02-05 21:38:23: Created Database.
2024-02-05 21:42:51: Server Log initialisation/update
2024-02-05 21:42:51: Created Database.
2024-02-05 21:42:52: Server Log initialisation/update
2024-02-05 21:42:52: Created Database.
2024-02-05 21:44:11: New User: TestHost added to the system.
2024-02-05 21:47:37: Host '<User 1>' created conference:
<Conferences 1> 
2024-02-05 21:50:00: Server Log initialisation/update
2024-02-05 21:50:00: Created Database.
2024-02-05 21:50:03: Server Log initialisation/update
2024-02-05 21:50:03: Created Database.
2024-02-05 21:51:37: Server Log initialisation/update
2024-02-05 21:51:37: Created Database.
2024-02-05 21:51:37: Server Log initialisation/update
2024-02-05 21:51:37: Created Database.
2024-02-05 21:53:06: Server Log initialisation/update
2024-02-05 21:53:06: Created Database.
2024-02-05 21:53:07: Server Log initialisation/update
2024-02-05 21:53:07: Created Database.
2024-02-05 21:53:41: New host: TestHost added to the system.
2024-02-05 22:01:57: Host 'TestHost' created conference:
{'_sa_instance_state': <sqlalchemy.orm.state.InstanceState object at 0x7f86d8482700>, 'talkPerSession': 3, 'id': 1, 'confLength': 2, 'numSessions': 2, 'dayEnd': datetime.time(17, 25), 'confStart': datetime.datetime(2024, 9, 4, 0, 0), 'confURL': 'https://algo-conference.org/2023/esa/', 'paperFinalisationDate': datetime.datetime(2024, 4, 28, 0, 0), 'talkLength': 15, 'delegSignUpDeadline': datetime.datetime(2024, 9, 1, 0, 0), 'confEnd': datetime.datetime(2024, 9, 6, 0, 0), 'dayStart': datetime.time(9, 0), 'confName': None, 'dayDuration': 8.42} 
2024-02-05 22:03:53: Server Log initialisation/update
2024-02-05 22:03:53: Created Database.
2024-02-05 22:04:00: Server Log initialisation/update
2024-02-05 22:04:00: Created Database.
2024-02-05 22:04:01: Server Log initialisation/update
2024-02-05 22:04:01: Created Database.
2024-02-06 11:16:27: Server Log initialisation/update
2024-02-06 11:16:27: Created Database.
2024-02-06 11:16:28: Server Log initialisation/update
2024-02-06 11:16:28: Created Database.
2024-02-06 11:16:54: New host: TestHost added to the system.
2024-02-06 11:17:37: Host 'TestHost' created conference:
{'confName': 'ESA 2024', 'confURL': 'https://algo-conference.org/2023/esa/', 'paperFinalisationDate': datetime.datetime(2024, 4, 28, 0, 0), 'delegSignUpDeadline': datetime.datetime(2024, 9, 1, 0, 0), 'confStart': datetime.datetime(2024, 9, 4, 0, 0), 'confEnd': datetime.datetime(2024, 9, 6, 0, 0), 'confLength': 2, 'dayStart': datetime.time(9, 0), 'dayEnd': datetime.time(17, 25), 'dayDuration': 8.42, 'talkPerSession': 3, 'talkLength': 15, 'numSessions': 2} 
2024-02-06 16:49:03: Server Log initialisation/update
2024-02-06 16:49:03: Created Database.
2024-02-06 16:49:03: Server Log initialisation/update
2024-02-06 16:49:03: Created Database.
2024-02-06 17:21:14: New host: TestHost added to the system.
2024-02-06 17:31:25: Host 'TestHost' created conference:
{'confName': 'ESA 2024', 'confURL': 'https://algo-conference.org/2023/esa/', 'paperFinalisationDate': datetime.datetime(2024, 4, 28, 0, 0), 'delegSignUpDeadline': datetime.datetime(2024, 9, 1, 0, 0), 'confStart': datetime.datetime(2024, 9, 4, 0, 0), 'confEnd': datetime.datetime(2024, 9, 6, 0, 0), 'confLength': 2, 'dayStart': datetime.time(9, 0), 'dayEnd': datetime.time(17, 25), 'dayDuration': 8.42, 'talkPerSession': 3, 'talkLength': 15, 'numSessions': 2} 
2024-02-07 09:28:24: Server Log initialisation/update
2024-02-07 09:28:24: Created Database.
2024-02-07 09:28:25: Server Log initialisation/update
2024-02-07 09:28:25: Created Database.
2024-02-07 09:29:04: Server Log initialisation/update
2024-02-07 09:29:05: Created Database.
2024-02-07 09:29:05: Server Log initialisation/update
2024-02-07 09:29:05: Created Database.
2024-02-07 11:00:00: New host: TestHost added to the system.
2024-02-07 11:03:16: Host 'TestHost' created conference:
{'confName': 'ESA 2024', 'confURL': 'https://algo-conference.org/2023/esa/', 'paperFinalisationDate': datetime.datetime(2024, 4, 28, 0, 0), 'delegSignUpDeadline': datetime.datetime(2024, 9, 1, 0, 0), 'confStart': datetime.datetime(2024, 9, 4, 0, 0), 'confEnd': datetime.datetime(2024, 9, 6, 0, 0), 'confLength': 2, 'dayStart': datetime.time(9, 0), 'dayEnd': datetime.time(17, 25), 'dayDuration': 8.42, 'talkPerSession': 3, 'talkLength': 15, 'numSessions': 2} 
2024-02-07 11:14:22: Server Log initialisation/update
2024-02-07 11:14:22: Created Database.
2024-02-07 11:14:50: Server Log initialisation/update
2024-02-07 11:14:50: Created Database.
2024-02-07 11:16:06: Server Log initialisation/update
2024-02-07 11:16:06: Created Database.
2024-02-07 11:16:09: Server Log initialisation/update
2024-02-07 11:16:09: Created Database.
2024-02-07 11:31:32: Server Log initialisation/update
2024-02-07 11:31:32: Created Database.
2024-02-07 11:32:00: Server Log initialisation/update
2024-02-07 11:32:00: Created Database.
2024-02-07 11:32:05: Server Log initialisation/update
2024-02-07 11:32:05: Created Database.
2024-02-07 11:34:03: Server Log initialisation/update
2024-02-07 11:34:03: Created Database.
2024-02-07 11:35:38: Server Log initialisation/update
2024-02-07 11:35:38: Created Database.
2024-02-07 11:35:41: Server Log initialisation/update
2024-02-07 11:35:41: Created Database.
2024-02-07 11:35:43: Server Log initialisation/update
2024-02-07 11:35:43: Created Database.
2024-02-07 11:35:53: Server Log initialisation/update
2024-02-07 11:35:53: Created Database.
2024-02-07 17:46:21: Server Log initialisation/update
2024-02-07 17:46:21: Created Database.
2024-02-07 17:46:21: Server Log initialisation/update
2024-02-07 17:46:21: Created Database.
2024-02-07 18:04:18: Server Log initialisation/update
2024-02-07 18:04:18: Created Database.
2024-02-07 18:04:20: Server Log initialisation/update
2024-02-07 18:04:20: Created Database.
2024-02-07 18:04:22: Server Log initialisation/update
2024-02-07 18:04:22: Created Database.
2024-02-07 18:15:51: Server Log initialisation/update
2024-02-07 18:15:51: Created Database.
2024-02-07 18:38:45: Server Log initialisation/update
2024-02-07 18:38:45: Created Database.
2024-02-07 18:38:46: Server Log initialisation/update
2024-02-07 18:38:46: Created Database.
2024-02-07 18:39:21: Server Log initialisation/update
2024-02-07 18:39:21: Created Database.
2024-02-07 18:40:19: Server Log initialisation/update
2024-02-07 18:40:19: Created Database.
2024-02-07 21:50:14: Server Log initialisation/update
2024-02-07 21:50:14: Created Database.
2024-02-07 21:50:14: Server Log initialisation/update
2024-02-07 21:50:14: Created Database.
2024-02-07 21:54:46: Server Log initialisation/update
2024-02-07 21:54:46: Created Database.
2024-02-07 21:54:46: Server Log initialisation/update
2024-02-07 21:54:46: Created Database.
2024-02-07 22:11:21: New host: TestHost added to the system.
2024-02-07 22:12:22: Server Log initialisation/update
2024-02-07 22:12:22: Created Database.
2024-02-07 22:12:28: Server Log initialisation/update
2024-02-07 22:12:28: Created Database.
2024-02-07 22:13:19: Host 'TestHost' created conference:
{'confName': 'ESA 2024', 'confURL': 'https://algo-conference.org/2023/esa/', 'paperFinalisationDate': datetime.datetime(2024, 4, 28, 0, 0), 'delegSignUpDeadline': datetime.datetime(2024, 9, 1, 0, 0), 'confStart': datetime.datetime(2024, 9, 4, 0, 0), 'confEnd': datetime.datetime(2024, 9, 6, 0, 0), 'confLength': 2, 'dayStart': datetime.time(9, 0), 'dayEnd': datetime.time(17, 25), 'dayDuration': 8.42, 'talkPerSession': 3, 'talkLength': 15, 'numSessions': 2} 
2024-02-07 22:23:47: Server Log initialisation/update
2024-02-07 22:23:47: Created Database.
2024-02-07 22:24:06: Server Log initialisation/update
2024-02-07 22:24:06: Created Database.
2024-02-07 22:24:06: Server Log initialisation/update
2024-02-07 22:24:06: Created Database.
2024-02-07 22:24:42: New host: TestHost added to the system.
2024-02-07 22:26:32: Host 'TestHost' created conference:
{'confName': 'ESA 2024', 'confURL': 'https://algo-conference.org/2023/esa/', 'paperFinalisationDate': datetime.datetime(2024, 4, 28, 0, 0), 'delegSignUpDeadline': datetime.datetime(2024, 9, 1, 0, 0), 'confStart': datetime.datetime(2024, 9, 4, 0, 0), 'confEnd': datetime.datetime(2024, 9, 6, 0, 0), 'confLength': 2, 'dayStart': datetime.time(9, 0), 'dayEnd': datetime.time(17, 25), 'dayDuration': 8.42, 'talkPerSession': 3, 'talkLength': 15, 'numSessions': 2} 
2024-02-07 22:28:40: Server Log initialisation/update
2024-02-07 22:28:40: Created Database.
2024-02-07 22:28:43: Server Log initialisation/update
2024-02-07 22:28:43: Created Database.
2024-02-07 22:28:45: Server Log initialisation/update
2024-02-07 22:28:45: Created Database.
2024-02-07 22:47:03: Server Log initialisation/update
2024-02-07 22:47:04: Created Database.
2024-02-07 22:47:04: Server Log initialisation/update
2024-02-07 22:47:04: Created Database.
2024-02-07 22:48:58: New host: TestHost added to the system.
2024-02-07 22:49:19: Server Log initialisation/update
2024-02-07 22:49:19: Created Database.
2024-02-07 22:49:24: Server Log initialisation/update
2024-02-07 22:49:24: Created Database.
2024-02-07 22:50:25: Host 'TestHost' created conference:
{'confName': 'ESA 2024', 'confURL': 'https://algo-conference.org/2023/esa/', 'paperFinalisationDate': datetime.datetime(2024, 4, 28, 0, 0), 'delegSignUpDeadline': datetime.datetime(2024, 9, 1, 0, 0), 'confStart': datetime.datetime(2024, 9, 4, 0, 0), 'confEnd': datetime.datetime(2024, 9, 6, 0, 0), 'confLength': 2, 'dayStart': datetime.time(9, 0), 'dayEnd': datetime.time(17, 25), 'dayDuration': 8.42, 'talkPerSession': 3, 'talkLength': 15, 'numSessions': 2} 
2024-02-07 22:52:33: Server Log initialisation/update
2024-02-07 22:52:33: Created Database.
2024-02-07 22:52:35: Server Log initialisation/update
2024-02-07 22:52:35: Created Database.
2024-02-07 22:52:37: Server Log initialisation/update
2024-02-07 22:52:37: Created Database.
2024-02-08 11:12:12: Server Log initialisation/update
2024-02-08 11:12:12: Created Database.
2024-02-08 11:12:13: Server Log initialisation/update
2024-02-08 11:12:13: Created Database.
2024-02-08 11:14:56: New host: TestHost added to the system.
2024-02-08 11:19:30: Server Log initialisation/update
2024-02-08 11:19:30: Created Database.
2024-02-08 11:19:31: Server Log initialisation/update
2024-02-08 11:19:31: Created Database.
2024-02-08 11:27:18: New host: TestHost added to the system.
2024-02-08 11:29:39: Host 'TestHost' created conference:
{'confName': 'ESA 2024', 'confURL': 'https://algo-conference.org/2023/esa/', 'paperFinalisationDate': datetime.datetime(2024, 4, 28, 0, 0), 'delegSignUpDeadline': datetime.datetime(2024, 9, 1, 0, 0), 'confStart': datetime.datetime(2024, 9, 4, 0, 0), 'confEnd': datetime.datetime(2024, 9, 6, 0, 0), 'confLength': 2, 'dayStart': datetime.time(9, 0), 'dayEnd': datetime.time(17, 25), 'dayDuration': 8.42, 'talkPerSession': 3, 'talkLength': 15, 'numSessions': 2} 
2024-02-08 11:34:02: Server Log initialisation/update
2024-02-08 11:34:02: Created Database.
2024-02-08 11:34:59: Server Log initialisation/update
2024-02-08 11:34:59: Created Database.
2024-02-08 11:35:01: Server Log initialisation/update
2024-02-08 11:35:01: Created Database.
